<?xml version="1.0" encoding="UTF-8"?>
<!-- Generated by org.testng.reporters.JUnitXMLReporter -->
<testsuite hostname="D20LZQ72" ignored="2" name="Travel Booking Service" tests="3" failures="2" timestamp="23 Jul 2018 11:25:46 GMT" time="19.355" errors="0">
  <testcase name="testThatResultsAppearForAOneWayJourney" time="19.31" classname="automationFramework.FlightBookingTest"/>
  <testcase name="shouldBeAbleToSearchForHotels" time="0.014" classname="automationFramework.HotelBookingTest">
    <failure type="java.lang.NullPointerException">
      <![CDATA[java.lang.NullPointerException
	at org.openqa.selenium.support.pagefactory.DefaultElementLocator.findElement(DefaultElementLocator.java:69)
	at org.openqa.selenium.support.pagefactory.internal.LocatingElementHandler.invoke(LocatingElementHandler.java:38)
	at com.sun.proxy.$Proxy5.click(Unknown Source)
	at pageObjects.HotelBookingPO.clickHotelTab(HotelBookingPO.java:36)
	at automationFramework.HotelBookingTest.shouldBeAbleToSearchForHotels(HotelBookingTest.java:18)
... Removed 28 stack frames]]>
    </failure>
  </testcase> <!-- shouldBeAbleToSearchForHotels -->
  <testcase name="shouldThrowAnErrorIfSignInDetailsAreMissing" time="0.006" classname="automationFramework.SignInTest">
    <failure type="java.lang.NullPointerException">
      <![CDATA[java.lang.NullPointerException
	at pageObjects.SignInPO.lnk_YourTrips(SignInPO.java:20)
	at automationFramework.SignInTest.shouldThrowAnErrorIfSignInDetailsAreMissing(SignInTest.java:16)
... Removed 28 stack frames]]>
    </failure>
  </testcase> <!-- shouldThrowAnErrorIfSignInDetailsAreMissing -->
  <testcase name="@BeforeSuite initialize" time="0.0" classname="testConfig.SeleniumHelper">
    <ignored/>
  </testcase> <!-- @BeforeSuite initialize -->
  <testcase name="@BeforeSuite initialize" time="0.0" classname="testConfig.SeleniumHelper">
    <ignored/>
  </testcase> <!-- @BeforeSuite initialize -->
</testsuite> <!-- Travel Booking Service -->
